<?xml version="1.0" encoding="UTF-8"?>
<robot generator="Robot 3.2.2 (Python 3.9.5 on darwin)" generated="20210507 13:56:22.050" rpa="false">
<suite id="s1" name="RobotFrameworkProject" source="/Users/rocco.bonanno/RobotFrameworkProject">
<suite id="s1-s1" name="Simple Test" source="/Users/rocco.bonanno/RobotFrameworkProject/simple_test.robot">
<test id="s1-s1-t1" name="Simple Search">
<kw name="Evaluate" library="BuiltIn">
<doc>Evaluates the given expression in Python and returns the result.</doc>
<arguments>
<arg>sys.modules['selenium.webdriver'].ChromeOptions()</arg>
<arg>sys, selenium.webdriver</arg>
</arguments>
<assign>
<var>${chrome_options}</var>
</assign>
<msg timestamp="20210507 13:56:22.194" level="INFO">${chrome_options} = &lt;selenium.webdriver.chrome.options.Options object at 0x7fd2e6b5dfd0&gt;</msg>
<status status="PASS" starttime="20210507 13:56:22.194" endtime="20210507 13:56:22.194"></status>
</kw>
<kw name="Call Method" library="BuiltIn">
<doc>Calls the named method of the given object with the provided arguments.</doc>
<arguments>
<arg>${chrome_options}</arg>
<arg>add_argument</arg>
<arg>headless</arg>
</arguments>
<status status="PASS" starttime="20210507 13:56:22.194" endtime="20210507 13:56:22.195"></status>
</kw>
<kw name="Call Method" library="BuiltIn">
<doc>Calls the named method of the given object with the provided arguments.</doc>
<arguments>
<arg>${chrome_options}</arg>
<arg>add_argument</arg>
<arg>disable-gpu</arg>
</arguments>
<status status="PASS" starttime="20210507 13:56:22.195" endtime="20210507 13:56:22.195"></status>
</kw>
<kw name="Call Method" library="BuiltIn">
<doc>Calls the named method of the given object with the provided arguments.</doc>
<arguments>
<arg>${chrome_options}</arg>
<arg>to_capabilities</arg>
</arguments>
<assign>
<var>${options}</var>
</assign>
<msg timestamp="20210507 13:56:22.196" level="INFO">${options} = {'browserName': 'chrome', 'version': '', 'platform': 'ANY', 'goog:chromeOptions': {'extensions': [], 'args': ['headless', 'disable-gpu']}}</msg>
<status status="PASS" starttime="20210507 13:56:22.195" endtime="20210507 13:56:22.196"></status>
</kw>
<kw name="Open Browser" library="SeleniumLibrary">
<doc>Opens a new browser instance to the optional ``url``.</doc>
<arguments>
<arg>${HOME_URL}</arg>
<arg>Chrome</arg>
<arg>desired_capabilities=${options}</arg>
</arguments>
<msg timestamp="20210507 13:56:22.196" level="INFO">Opening browser 'Chrome' to base url 'https://www.ibs.it'.</msg>
<status status="PASS" starttime="20210507 13:56:22.196" endtime="20210507 13:56:25.328"></status>
</kw>
<kw name="Wait Until Page Contains Element" library="SeleniumLibrary">
<doc>Waits until the element ``locator`` appears on the current page.</doc>
<arguments>
<arg>xpath://body[contains(@class,'homepage')]</arg>
<arg>30</arg>
</arguments>
<status status="PASS" starttime="20210507 13:56:25.329" endtime="20210507 13:56:25.389"></status>
</kw>
<kw name="Wait Until Element Is Visible" library="SeleniumLibrary">
<doc>Waits until the element ``locator`` is visible.</doc>
<arguments>
<arg>xpath://body[contains(@class,'homepage')]</arg>
<arg>30</arg>
</arguments>
<status status="PASS" starttime="20210507 13:56:25.389" endtime="20210507 13:56:25.516"></status>
</kw>
<kw name="Wait Until Page Contains Element" library="SeleniumLibrary">
<doc>Waits until the element ``locator`` appears on the current page.</doc>
<arguments>
<arg>id:inputSearch</arg>
</arguments>
<status status="PASS" starttime="20210507 13:56:25.516" endtime="20210507 13:56:25.599"></status>
</kw>
<kw name="Wait Until Element Is Visible" library="SeleniumLibrary">
<doc>Waits until the element ``locator`` is visible.</doc>
<arguments>
<arg>id:inputSearch</arg>
</arguments>
<status status="PASS" starttime="20210507 13:56:25.599" endtime="20210507 13:56:25.692"></status>
</kw>
<kw name="Click Element" library="SeleniumLibrary">
<doc>Click the element identified by ``locator``.</doc>
<arguments>
<arg>id:inputSearch</arg>
</arguments>
<msg timestamp="20210507 13:56:25.692" level="INFO">Clicking element 'id:inputSearch'.</msg>
<status status="PASS" starttime="20210507 13:56:25.692" endtime="20210507 13:56:25.781"></status>
</kw>
<kw name="Input Text" library="SeleniumLibrary">
<doc>Types the given ``text`` into the text field identified by ``locator``.</doc>
<arguments>
<arg>id:inputSearch</arg>
<arg>Ken Follet</arg>
</arguments>
<msg timestamp="20210507 13:56:25.781" level="INFO">Typing text 'Ken Follet' into text field 'id:inputSearch'.</msg>
<status status="PASS" starttime="20210507 13:56:25.781" endtime="20210507 13:56:25.893"></status>
</kw>
<kw name="Press Keys" library="SeleniumLibrary">
<doc>Simulates the user pressing key(s) to an element or on the active browser.</doc>
<arguments>
<arg>id:inputSearch</arg>
<arg>ENTER</arg>
</arguments>
<msg timestamp="20210507 13:56:25.894" level="INFO">Sending key(s) ('ENTER',) to id:inputSearch element.</msg>
<msg timestamp="20210507 13:56:26.194" level="INFO">Pressing special key ENTER to element.</msg>
<msg timestamp="20210507 13:56:26.194" level="INFO">Releasing special key ENTER.</msg>
<status status="PASS" starttime="20210507 13:56:25.893" endtime="20210507 13:56:27.491"></status>
</kw>
<kw name="Wait Until Location Contains" library="SeleniumLibrary">
<doc>Waits until the current URL contains ``expected``.</doc>
<arguments>
<arg>algolia-search</arg>
</arguments>
<status status="PASS" starttime="20210507 13:56:27.491" endtime="20210507 13:56:27.556"></status>
</kw>
<kw name="Close Browser" library="SeleniumLibrary" type="teardown">
<doc>Closes the current browser.</doc>
<status status="PASS" starttime="20210507 13:56:27.556" endtime="20210507 13:56:27.643"></status>
</kw>
<tags>
<tag>Smoke-simple-test</tag>
</tags>
<status status="PASS" starttime="20210507 13:56:22.193" endtime="20210507 13:56:27.643" critical="yes"></status>
</test>
<test id="s1-s1-t2" name="Test">
<kw name="Log To Console" library="BuiltIn">
<doc>Logs the given message to the console.</doc>
<arguments>
<arg>"ciao"</arg>
</arguments>
<status status="PASS" starttime="20210507 13:56:27.645" endtime="20210507 13:56:27.645"></status>
</kw>
<kw name="Close Browser" library="SeleniumLibrary" type="teardown">
<doc>Closes the current browser.</doc>
<status status="PASS" starttime="20210507 13:56:27.645" endtime="20210507 13:56:27.646"></status>
</kw>
<status status="PASS" starttime="20210507 13:56:27.644" endtime="20210507 13:56:27.646" critical="yes"></status>
</test>
<status status="PASS" starttime="20210507 13:56:22.072" endtime="20210507 13:56:27.646"></status>
</suite>
<status status="PASS" starttime="20210507 13:56:22.052" endtime="20210507 13:56:27.648"></status>
</suite>
<statistics>
<total>
<stat pass="2" fail="0">Critical Tests</stat>
<stat pass="2" fail="0">All Tests</stat>
</total>
<tag>
<stat pass="1" fail="0">Smoke-simple-test</stat>
</tag>
<suite>
<stat pass="2" fail="0" id="s1" name="RobotFrameworkProject">RobotFrameworkProject</stat>
<stat pass="2" fail="0" id="s1-s1" name="Simple Test">RobotFrameworkProject.Simple Test</stat>
</suite>
</statistics>
<errors>
</errors>
</robot>
