<?xml version="1.0" encoding="UTF-8"?>
<robot generator="Robot 3.2.2 (Python 3.9.0 on darwin)" generated="20201128 00:29:57.476" rpa="false">
<suite id="s1" name="RobotFrameworkProject" source="/Users/emanuele/VS Code Project/RobotFrameworkProject">
<suite id="s1-s1" name="Simple Test" source="/Users/emanuele/VS Code Project/RobotFrameworkProject/simple_test.robot">
<test id="s1-s1-t1" name="Simple Search">
<kw name="Run Keywords" library="BuiltIn" type="setup">
<doc>Executes all the given keywords in a sequence.</doc>
<arguments>
<arg>Open Browser</arg>
<arg>${HOME_URL}</arg>
<arg>${BROWSER}</arg>
<arg>AND</arg>
<arg>Maximize Browser Window</arg>
</arguments>
<kw name="Open Browser" library="SeleniumLibrary">
<doc>Opens a new browser instance to the optional ``url``.</doc>
<arguments>
<arg>${HOME_URL}</arg>
<arg>${BROWSER}</arg>
</arguments>
<msg timestamp="20201128 00:29:57.794" level="INFO">Opening browser 'Chrome' to base url 'https://www.ibs.it'.</msg>
<errors>
<msg timestamp="20201128 00:30:01.661" level="ERROR">Execution stopped by user.</msg>
</errors>
</robot>
